PLINK v1.90b6.21 64-bit (19 Oct 2020)
Options in effect:
  --bfile ../../01_Raw_data/current_data/MARITIME_ROUTE
  --keep ind_mc688.txt
  --make-bed
  --out mc688

Hostname: bioinf-serv2.cob.lu.se
Working directory: /home/inf-52-2022/pop_gen_project/03_Generate_input/mc688
Start time: Sun Mar 12 00:57:14 2023

Random number seed: 1678579034
2051955 MB RAM detected; reserving 1025977 MB for main workspace.
75194 variants loaded from .bim file.
964 people (0 males, 0 females, 964 ambiguous) loaded from .fam.
Ambiguous sex IDs written to mc688.nosex .
--keep: 1 person remaining.
Using 1 thread (no multithreaded calculations invoked).
Before main variant filters, 1 founder and 0 nonfounders present.
Calculating allele frequencies... done.
Total genotyping rate in remaining samples is 0.998949.
75194 variants and 1 person pass filters and QC.
Note: No phenotypes present.
--make-bed to mc688.bed + mc688.bim + mc688.fam ... done.

End time: Sun Mar 12 00:57:14 2023
